# JRE version: OpenJDK Runtime Environment (21.0.3) (build 21.0.3+-12282718-b509.11)
# Java VM: OpenJDK 64-Bit Server VM (21.0.3+-12282718-b509.11, mixed mode, tiered, compressed oops, compressed class ptrs, g1 gc, windows-amd64)
GC Precious Log:
 CardTable entry size: 512
 Card Set container configuration: InlinePtr #cards 5 size 8 Array Of Cards #cards 12 size 40 Howl #buckets 4 coarsen threshold 1843 Howl Bitmap #cards 512 size 80 coarsen threshold 460 Card regions per heap region 1 cards per card region 2048
 CPUs: 4 total, 4 available
 Memory: 7880M
 Large Page Support: Disabled
 NUMA Support: Disabled
 Compressed Oops: Enabled (32-bit)
 Heap Region Size: 1M
 Heap Min Capacity: 8M
 Heap Initial Capacity: 124M
 Heap Max Capacity: 1972M
 Pre-touch: Disabled
 Parallel Workers: 4
 Concurrent Workers: 1
 Concurrent Refinement Workers: 4
 Periodic GC: Disabled
Heap:
 garbage-first heap   total 123904K, used 101067K [0x0000000084c00000, 0x0000000100000000)
  region size 1024K, 51 young (52224K), 4 survivors (4096K)
 Metaspace       used 69870K, committed 70592K, reserved 1114112K
  class space    used 7945K, committed 8320K, reserved 1048576K
GC Heap History (20 events):
Event: 3.773 GC heap before
{Heap before GC invocations=10 (full 0):
 garbage-first heap   total 58368K, used 48112K [0x0000000084c00000, 0x0000000100000000)
  region size 1024K, 29 young (29696K), 4 survivors (4096K)
 Metaspace       used 48713K, committed 49472K, reserved 1114112K
  class space    used 5899K, committed 6272K, reserved 1048576K
}
Event: 3.783 GC heap after
{Heap after GC invocations=11 (full 0):
 garbage-first heap   total 58368K, used 25055K [0x0000000084c00000, 0x0000000100000000)
  region size 1024K, 4 young (4096K), 4 survivors (4096K)
 Metaspace       used 48713K, committed 49472K, reserved 1114112K
  class space    used 5899K, committed 6272K, reserved 1048576K
}
Event: 4.011 GC heap before
{Heap before GC invocations=11 (full 0):
 garbage-first heap   total 58368K, used 49631K [0x0000000084c00000, 0x0000000100000000)
  region size 1024K, 26 young (26624K), 4 survivors (4096K)
 Metaspace       used 50457K, committed 51200K, reserved 1114112K
  class space    used 6098K, committed 6464K, reserved 1048576K
}
Event: 4.018 GC heap after
{Heap after GC invocations=12 (full 0):
 garbage-first heap   total 58368K, used 29377K [0x0000000084c00000, 0x0000000100000000)
  region size 1024K, 2 young (2048K), 2 survivors (2048K)
 Metaspace       used 50457K, committed 51200K, reserved 1114112K
  class space    used 6098K, committed 6464K, reserved 1048576K
}
Event: 4.469 GC heap before
{Heap before GC invocations=12 (full 0):
 garbage-first heap   total 58368K, used 48833K [0x0000000084c00000, 0x0000000100000000)
  region size 1024K, 22 young (22528K), 2 survivors (2048K)
 Metaspace       used 52764K, committed 53504K, reserved 1114112K
  class space    used 6314K, committed 6656K, reserved 1048576K
}
Event: 4.479 GC heap after
{Heap after GC invocations=13 (full 0):
 garbage-first heap   total 70656K, used 34157K [0x0000000084c00000, 0x0000000100000000)
  region size 1024K, 3 young (3072K), 3 survivors (3072K)
 Metaspace       used 52764K, committed 53504K, reserved 1114112K
  class space    used 6314K, committed 6656K, reserved 1048576K
}
Event: 5.175 GC heap before
{Heap before GC invocations=14 (full 0):
 garbage-first heap   total 70656K, used 57709K [0x0000000084c00000, 0x0000000100000000)
  region size 1024K, 26 young (26624K), 3 survivors (3072K)
 Metaspace       used 53684K, committed 54400K, reserved 1114112K
  class space    used 6340K, committed 6656K, reserved 1048576K
}
Event: 5.188 GC heap after
{Heap after GC invocations=15 (full 0):
 garbage-first heap   total 70656K, used 38845K [0x0000000084c00000, 0x0000000100000000)
  region size 1024K, 4 young (4096K), 4 survivors (4096K)
 Metaspace       used 53684K, committed 54400K, reserved 1114112K
  class space    used 6340K, committed 6656K, reserved 1048576K
}
Event: 5.554 GC heap before
{Heap before GC invocations=15 (full 0):
 garbage-first heap   total 70656K, used 60349K [0x0000000084c00000, 0x0000000100000000)
  region size 1024K, 25 young (25600K), 4 survivors (4096K)
 Metaspace       used 54092K, committed 54784K, reserved 1114112K
  class space    used 6370K, committed 6720K, reserved 1048576K
}
Event: 5.571 GC heap after
{Heap after GC invocations=16 (full 0):
 garbage-first heap   total 70656K, used 43008K [0x0000000084c00000, 0x0000000100000000)
  region size 1024K, 4 young (4096K), 4 survivors (4096K)
 Metaspace       used 54092K, committed 54784K, reserved 1114112K
  class space    used 6370K, committed 6720K, reserved 1048576K
}
Event: 5.668 GC heap before
{Heap before GC invocations=16 (full 0):
 garbage-first heap   total 70656K, used 61440K [0x0000000084c00000, 0x0000000100000000)
  region size 1024K, 22 young (22528K), 4 survivors (4096K)
 Metaspace       used 54388K, committed 55104K, reserved 1114112K
  class space    used 6390K, committed 6720K, reserved 1048576K
}
Event: 5.677 GC heap after
{Heap after GC invocations=17 (full 0):
 garbage-first heap   total 70656K, used 44434K [0x0000000084c00000, 0x0000000100000000)
  region size 1024K, 1 young (1024K), 1 survivors (1024K)
 Metaspace       used 54388K, committed 55104K, reserved 1114112K
  class space    used 6390K, committed 6720K, reserved 1048576K
}
Event: 5.725 GC heap before
{Heap before GC invocations=17 (full 0):
 garbage-first heap   total 70656K, used 61842K [0x0000000084c00000, 0x0000000100000000)
  region size 1024K, 18 young (18432K), 1 survivors (1024K)
 Metaspace       used 54391K, committed 55104K, reserved 1114112K
  class space    used 6391K, committed 6720K, reserved 1048576K
}
Event: 5.726 GC heap after
{Heap after GC invocations=18 (full 0):
 garbage-first heap   total 70656K, used 44146K [0x0000000084c00000, 0x0000000100000000)
  region size 1024K, 1 young (1024K), 1 survivors (1024K)
 Metaspace       used 54391K, committed 55104K, reserved 1114112K
  class space    used 6391K, committed 6720K, reserved 1048576K
}
Event: 5.918 GC heap before
{Heap before GC invocations=19 (full 0):
 garbage-first heap   total 86016K, used 61554K [0x0000000084c00000, 0x0000000100000000)
  region size 1024K, 19 young (19456K), 1 survivors (1024K)
 Metaspace       used 56002K, committed 56704K, reserved 1114112K
  class space    used 6570K, committed 6912K, reserved 1048576K
}
Event: 5.922 GC heap after
{Heap after GC invocations=20 (full 0):
 garbage-first heap   total 86016K, used 44261K [0x0000000084c00000, 0x0000000100000000)
  region size 1024K, 2 young (2048K), 2 survivors (2048K)
 Metaspace       used 56002K, committed 56704K, reserved 1114112K
  class space    used 6570K, committed 6912K, reserved 1048576K
}
Event: 6.630 GC heap before
{Heap before GC invocations=20 (full 0):
 garbage-first heap   total 86016K, used 74981K [0x0000000084c00000, 0x0000000100000000)
  region size 1024K, 32 young (32768K), 2 survivors (2048K)
 Metaspace       used 63293K, committed 64064K, reserved 1114112K
  class space    used 7590K, committed 7936K, reserved 1048576K
}
Event: 6.638 GC heap after
{Heap after GC invocations=21 (full 0):
 garbage-first heap   total 123904K, used 45206K [0x0000000084c00000, 0x0000000100000000)
  region size 1024K, 4 young (4096K), 4 survivors (4096K)
 Metaspace       used 63293K, committed 64064K, reserved 1114112K
  class space    used 7590K, committed 7936K, reserved 1048576K
}
Event: 9.800 GC heap before
{Heap before GC invocations=21 (full 0):
 garbage-first heap   total 123904K, used 103574K [0x0000000084c00000, 0x0000000100000000)
  region size 1024K, 60 young (61440K), 4 survivors (4096K)
 Metaspace       used 68078K, committed 68800K, reserved 1114112K
  class space    used 7873K, committed 8192K, reserved 1048576K
}
Event: 9.820 GC heap after
{Heap after GC invocations=22 (full 0):
 garbage-first heap   total 123904K, used 52939K [0x0000000084c00000, 0x0000000100000000)
  region size 1024K, 8 young (8192K), 8 survivors (8192K)
 Metaspace       used 68078K, committed 68800K, reserved 1114112K
  class space    used 7873K, committed 8192K, reserved 1048576K
}

