# JRE version: OpenJDK Runtime Environment (21.0.3) (build 21.0.3+-12282718-b509.11)
# Java VM: OpenJDK 64-Bit Server VM (21.0.3+-12282718-b509.11, mixed mode, tiered, compressed oops, compressed class ptrs, g1 gc, windows-amd64)
GC Precious Log:
 CardTable entry size: 512
 Card Set container configuration: InlinePtr #cards 5 size 8 Array Of Cards #cards 12 size 40 Howl #buckets 4 coarsen threshold 1843 Howl Bitmap #cards 512 size 80 coarsen threshold 460 Card regions per heap region 1 cards per card region 2048
 CPUs: 4 total, 4 available
 Memory: 7880M
 Large Page Support: Disabled
 NUMA Support: Disabled
 Compressed Oops: Enabled (32-bit)
 Heap Region Size: 1M
 Heap Min Capacity: 8M
 Heap Initial Capacity: 124M
 Heap Max Capacity: 1972M
 Pre-touch: Disabled
 Parallel Workers: 4
 Concurrent Workers: 1
 Concurrent Refinement Workers: 4
 Periodic GC: Disabled
Heap:
 garbage-first heap   total 75776K, used 55541K [0x0000000084c00000, 0x0000000100000000)
  region size 1024K, 17 young (17408K), 2 survivors (2048K)
 Metaspace       used 58847K, committed 59520K, reserved 1114112K
  class space    used 6915K, committed 7232K, reserved 1048576K
GC Heap History (20 events):
Event: 3.256 GC heap before
{Heap before GC invocations=9 (full 0):
 garbage-first heap   total 53248K, used 44737K [0x0000000084c00000, 0x0000000100000000)
  region size 1024K, 26 young (26624K), 2 survivors (2048K)
 Metaspace       used 43576K, committed 44224K, reserved 1114112K
  class space    used 5300K, committed 5632K, reserved 1048576K
}
Event: 3.263 GC heap after
{Heap after GC invocations=10 (full 0):
 garbage-first heap   total 53248K, used 21133K [0x0000000084c00000, 0x0000000100000000)
  region size 1024K, 4 young (4096K), 4 survivors (4096K)
 Metaspace       used 43576K, committed 44224K, reserved 1114112K
  class space    used 5300K, committed 5632K, reserved 1048576K
}
Event: 4.018 GC heap before
{Heap before GC invocations=10 (full 0):
 garbage-first heap   total 53248K, used 44685K [0x0000000084c00000, 0x0000000100000000)
  region size 1024K, 27 young (27648K), 4 survivors (4096K)
 Metaspace       used 48732K, committed 49472K, reserved 1114112K
  class space    used 5898K, committed 6272K, reserved 1048576K
}
Event: 4.026 GC heap after
{Heap after GC invocations=11 (full 0):
 garbage-first heap   total 53248K, used 23518K [0x0000000084c00000, 0x0000000100000000)
  region size 1024K, 4 young (4096K), 4 survivors (4096K)
 Metaspace       used 48732K, committed 49472K, reserved 1114112K
  class space    used 5898K, committed 6272K, reserved 1048576K
}
Event: 4.174 GC heap before
{Heap before GC invocations=11 (full 0):
 garbage-first heap   total 53248K, used 43998K [0x0000000084c00000, 0x0000000100000000)
  region size 1024K, 25 young (25600K), 4 survivors (4096K)
 Metaspace       used 49393K, committed 50048K, reserved 1114112K
  class space    used 5959K, committed 6272K, reserved 1048576K
}
Event: 4.181 GC heap after
{Heap after GC invocations=12 (full 0):
 garbage-first heap   total 53248K, used 24874K [0x0000000084c00000, 0x0000000100000000)
  region size 1024K, 1 young (1024K), 1 survivors (1024K)
 Metaspace       used 49393K, committed 50048K, reserved 1114112K
  class space    used 5959K, committed 6272K, reserved 1048576K
}
Event: 4.356 GC heap before
{Heap before GC invocations=12 (full 0):
 garbage-first heap   total 53248K, used 29994K [0x0000000084c00000, 0x0000000100000000)
  region size 1024K, 7 young (7168K), 1 survivors (1024K)
 Metaspace       used 50498K, committed 51264K, reserved 1114112K
  class space    used 6097K, committed 6464K, reserved 1048576K
}
Event: 4.359 GC heap after
{Heap after GC invocations=13 (full 0):
 garbage-first heap   total 64512K, used 25520K [0x0000000084c00000, 0x0000000100000000)
  region size 1024K, 2 young (2048K), 2 survivors (2048K)
 Metaspace       used 50498K, committed 51264K, reserved 1114112K
  class space    used 6097K, committed 6464K, reserved 1048576K
}
Event: 7.691 GC heap before
{Heap before GC invocations=13 (full 0):
 garbage-first heap   total 64512K, used 56240K [0x0000000084c00000, 0x0000000100000000)
  region size 1024K, 30 young (30720K), 2 survivors (2048K)
 Metaspace       used 53621K, committed 54336K, reserved 1114112K
  class space    used 6325K, committed 6656K, reserved 1048576K
}
Event: 7.706 GC heap after
{Heap after GC invocations=14 (full 0):
 garbage-first heap   total 64512K, used 33575K [0x0000000084c00000, 0x0000000100000000)
  region size 1024K, 4 young (4096K), 4 survivors (4096K)
 Metaspace       used 53621K, committed 54336K, reserved 1114112K
  class space    used 6325K, committed 6656K, reserved 1048576K
}
Event: 11.638 GC heap before
{Heap before GC invocations=14 (full 0):
 garbage-first heap   total 64512K, used 55079K [0x0000000084c00000, 0x0000000100000000)
  region size 1024K, 25 young (25600K), 4 survivors (4096K)
 Metaspace       used 54124K, committed 54848K, reserved 1114112K
  class space    used 6360K, committed 6720K, reserved 1048576K
}
Event: 11.666 GC heap after
{Heap after GC invocations=15 (full 0):
 garbage-first heap   total 64512K, used 37854K [0x0000000084c00000, 0x0000000100000000)
  region size 1024K, 4 young (4096K), 4 survivors (4096K)
 Metaspace       used 54124K, committed 54848K, reserved 1114112K
  class space    used 6360K, committed 6720K, reserved 1048576K
}
Event: 14.609 GC heap before
{Heap before GC invocations=16 (full 0):
 garbage-first heap   total 65536K, used 56286K [0x0000000084c00000, 0x0000000100000000)
  region size 1024K, 22 young (22528K), 4 survivors (4096K)
 Metaspace       used 54262K, committed 54976K, reserved 1114112K
  class space    used 6371K, committed 6720K, reserved 1048576K
}
Event: 14.622 GC heap after
{Heap after GC invocations=17 (full 0):
 garbage-first heap   total 65536K, used 41631K [0x0000000084c00000, 0x0000000100000000)
  region size 1024K, 3 young (3072K), 3 survivors (3072K)
 Metaspace       used 54262K, committed 54976K, reserved 1114112K
  class space    used 6371K, committed 6720K, reserved 1048576K
}
Event: 15.704 GC heap before
{Heap before GC invocations=17 (full 0):
 garbage-first heap   total 65536K, used 56991K [0x0000000084c00000, 0x0000000100000000)
  region size 1024K, 18 young (18432K), 3 survivors (3072K)
 Metaspace       used 54458K, committed 55104K, reserved 1114112K
  class space    used 6392K, committed 6720K, reserved 1048576K
}
Event: 15.713 GC heap after
{Heap after GC invocations=18 (full 0):
 garbage-first heap   total 65536K, used 41571K [0x0000000084c00000, 0x0000000100000000)
  region size 1024K, 1 young (1024K), 1 survivors (1024K)
 Metaspace       used 54458K, committed 55104K, reserved 1114112K
  class space    used 6392K, committed 6720K, reserved 1048576K
}
Event: 15.746 GC heap before
{Heap before GC invocations=18 (full 0):
 garbage-first heap   total 65536K, used 57955K [0x0000000084c00000, 0x0000000100000000)
  region size 1024K, 17 young (17408K), 1 survivors (1024K)
 Metaspace       used 54462K, committed 55168K, reserved 1114112K
  class space    used 6392K, committed 6720K, reserved 1048576K
}
Event: 15.747 GC heap after
{Heap after GC invocations=19 (full 0):
 garbage-first heap   total 65536K, used 41201K [0x0000000084c00000, 0x0000000100000000)
  region size 1024K, 1 young (1024K), 1 survivors (1024K)
 Metaspace       used 54462K, committed 55168K, reserved 1114112K
  class space    used 6392K, committed 6720K, reserved 1048576K
}
Event: 17.419 GC heap before
{Heap before GC invocations=20 (full 0):
 garbage-first heap   total 75776K, used 57585K [0x0000000084c00000, 0x0000000100000000)
  region size 1024K, 18 young (18432K), 1 survivors (1024K)
 Metaspace       used 56071K, committed 56768K, reserved 1114112K
  class space    used 6570K, committed 6912K, reserved 1048576K
}
Event: 17.425 GC heap after
{Heap after GC invocations=21 (full 0):
 garbage-first heap   total 75776K, used 42229K [0x0000000084c00000, 0x0000000100000000)
  region size 1024K, 2 young (2048K), 2 survivors (2048K)
 Metaspace       used 56071K, committed 56768K, reserved 1114112K
  class space    used 6570K, committed 6912K, reserved 1048576K
}

