# JRE version: OpenJDK Runtime Environment (21.0.3) (build 21.0.3+-12282718-b509.11)
# Java VM: OpenJDK 64-Bit Server VM (21.0.3+-12282718-b509.11, mixed mode, tiered, compressed oops, compressed class ptrs, g1 gc, windows-amd64)
GC Precious Log:
 CardTable entry size: 512
 Card Set container configuration: InlinePtr #cards 5 size 8 Array Of Cards #cards 12 size 40 Howl #buckets 4 coarsen threshold 1843 Howl Bitmap #cards 512 size 80 coarsen threshold 460 Card regions per heap region 1 cards per card region 2048
 CPUs: 4 total, 4 available
 Memory: 7880M
 Large Page Support: Disabled
 NUMA Support: Disabled
 Compressed Oops: Enabled (32-bit)
 Heap Region Size: 1M
 Heap Min Capacity: 8M
 Heap Initial Capacity: 124M
 Heap Max Capacity: 1972M
 Pre-touch: Disabled
 Parallel Workers: 4
 Concurrent Workers: 1
 Concurrent Refinement Workers: 4
 Periodic GC: Disabled
Heap:
 garbage-first heap   total 128000K, used 43942K [0x0000000084c00000, 0x0000000100000000)
  region size 1024K, 3 young (3072K), 3 survivors (3072K)
 Metaspace       used 61042K, committed 61760K, reserved 1114112K
  class space    used 7275K, committed 7616K, reserved 1048576K
GC Heap History (20 events):
Event: 2.668 GC heap after
{Heap after GC invocations=7 (full 0):
 garbage-first heap   total 59392K, used 18127K [0x0000000084c00000, 0x0000000100000000)
  region size 1024K, 2 young (2048K), 2 survivors (2048K)
 Metaspace       used 35898K, committed 36096K, reserved 1114112K
  class space    used 4455K, committed 4544K, reserved 1048576K
}
Event: 3.082 GC heap before
{Heap before GC invocations=8 (full 0):
 garbage-first heap   total 59392K, used 43727K [0x0000000084c00000, 0x0000000100000000)
  region size 1024K, 28 young (28672K), 2 survivors (2048K)
 Metaspace       used 41185K, committed 41408K, reserved 1114112K
  class space    used 4935K, committed 5056K, reserved 1048576K
}
Event: 3.089 GC heap after
{Heap after GC invocations=9 (full 0):
 garbage-first heap   total 59392K, used 21184K [0x0000000084c00000, 0x0000000100000000)
  region size 1024K, 4 young (4096K), 4 survivors (4096K)
 Metaspace       used 41185K, committed 41408K, reserved 1114112K
  class space    used 4935K, committed 5056K, reserved 1048576K
}
Event: 3.700 GC heap before
{Heap before GC invocations=9 (full 0):
 garbage-first heap   total 59392K, used 45760K [0x0000000084c00000, 0x0000000100000000)
  region size 1024K, 29 young (29696K), 4 survivors (4096K)
 Metaspace       used 46345K, committed 47104K, reserved 1114112K
  class space    used 5624K, committed 6016K, reserved 1048576K
}
Event: 3.711 GC heap after
{Heap after GC invocations=10 (full 0):
 garbage-first heap   total 59392K, used 22867K [0x0000000084c00000, 0x0000000100000000)
  region size 1024K, 3 young (3072K), 3 survivors (3072K)
 Metaspace       used 46345K, committed 47104K, reserved 1114112K
  class space    used 5624K, committed 6016K, reserved 1048576K
}
Event: 4.163 GC heap before
{Heap before GC invocations=10 (full 0):
 garbage-first heap   total 59392K, used 49491K [0x0000000084c00000, 0x0000000100000000)
  region size 1024K, 28 young (28672K), 3 survivors (3072K)
 Metaspace       used 48763K, committed 49536K, reserved 1114112K
  class space    used 5899K, committed 6272K, reserved 1048576K
}
Event: 4.171 GC heap after
{Heap after GC invocations=11 (full 0):
 garbage-first heap   total 59392K, used 24909K [0x0000000084c00000, 0x0000000100000000)
  region size 1024K, 2 young (2048K), 2 survivors (2048K)
 Metaspace       used 48763K, committed 49536K, reserved 1114112K
  class space    used 5899K, committed 6272K, reserved 1048576K
}
Event: 4.711 GC heap before
{Heap before GC invocations=11 (full 0):
 garbage-first heap   total 59392K, used 51533K [0x0000000084c00000, 0x0000000100000000)
  region size 1024K, 26 young (26624K), 2 survivors (2048K)
 Metaspace       used 50865K, committed 51584K, reserved 1114112K
  class space    used 6132K, committed 6464K, reserved 1048576K
}
Event: 4.721 GC heap after
{Heap after GC invocations=12 (full 0):
 garbage-first heap   total 59392K, used 30720K [0x0000000084c00000, 0x0000000100000000)
  region size 1024K, 4 young (4096K), 4 survivors (4096K)
 Metaspace       used 50865K, committed 51584K, reserved 1114112K
  class space    used 6132K, committed 6464K, reserved 1048576K
}
Event: 5.506 GC heap before
{Heap before GC invocations=12 (full 0):
 garbage-first heap   total 59392K, used 50176K [0x0000000084c00000, 0x0000000100000000)
  region size 1024K, 23 young (23552K), 4 survivors (4096K)
 Metaspace       used 53339K, committed 54080K, reserved 1114112K
  class space    used 6324K, committed 6656K, reserved 1048576K
}
Event: 5.517 GC heap after
{Heap after GC invocations=13 (full 0):
 garbage-first heap   total 71680K, used 34479K [0x0000000084c00000, 0x0000000100000000)
  region size 1024K, 3 young (3072K), 3 survivors (3072K)
 Metaspace       used 53339K, committed 54080K, reserved 1114112K
  class space    used 6324K, committed 6656K, reserved 1048576K
}
Event: 6.043 GC heap before
{Heap before GC invocations=13 (full 0):
 garbage-first heap   total 71680K, used 59055K [0x0000000084c00000, 0x0000000100000000)
  region size 1024K, 27 young (27648K), 3 survivors (3072K)
 Metaspace       used 53953K, committed 54720K, reserved 1114112K
  class space    used 6359K, committed 6720K, reserved 1048576K
}
Event: 6.060 GC heap after
{Heap after GC invocations=14 (full 0):
 garbage-first heap   total 71680K, used 39277K [0x0000000084c00000, 0x0000000100000000)
  region size 1024K, 4 young (4096K), 4 survivors (4096K)
 Metaspace       used 53953K, committed 54720K, reserved 1114112K
  class space    used 6359K, committed 6720K, reserved 1048576K
}
Event: 6.421 GC heap before
{Heap before GC invocations=14 (full 0):
 garbage-first heap   total 71680K, used 60781K [0x0000000084c00000, 0x0000000100000000)
  region size 1024K, 25 young (25600K), 4 survivors (4096K)
 Metaspace       used 54452K, committed 55168K, reserved 1114112K
  class space    used 6391K, committed 6720K, reserved 1048576K
}
Event: 6.437 GC heap after
{Heap after GC invocations=15 (full 0):
 garbage-first heap   total 71680K, used 43069K [0x0000000084c00000, 0x0000000100000000)
  region size 1024K, 4 young (4096K), 4 survivors (4096K)
 Metaspace       used 54452K, committed 55168K, reserved 1114112K
  class space    used 6391K, committed 6720K, reserved 1048576K
}
Event: 6.568 GC heap before
{Heap before GC invocations=16 (full 0):
 garbage-first heap   total 75776K, used 61501K [0x0000000084c00000, 0x0000000100000000)
  region size 1024K, 22 young (22528K), 4 survivors (4096K)
 Metaspace       used 54454K, committed 55168K, reserved 1114112K
  class space    used 6391K, committed 6720K, reserved 1048576K
}
Event: 6.573 GC heap after
{Heap after GC invocations=17 (full 0):
 garbage-first heap   total 75776K, used 43419K [0x0000000084c00000, 0x0000000100000000)
  region size 1024K, 1 young (1024K), 1 survivors (1024K)
 Metaspace       used 54454K, committed 55168K, reserved 1114112K
  class space    used 6391K, committed 6720K, reserved 1048576K
}
Event: 6.786 GC heap before
{Heap before GC invocations=17 (full 0):
 garbage-first heap   total 75776K, used 65947K [0x0000000084c00000, 0x0000000100000000)
  region size 1024K, 23 young (23552K), 1 survivors (1024K)
 Metaspace       used 55956K, committed 56704K, reserved 1114112K
  class space    used 6569K, committed 6912K, reserved 1048576K
}
Event: 6.791 GC heap after
{Heap after GC invocations=18 (full 0):
 garbage-first heap   total 75776K, used 42353K [0x0000000084c00000, 0x0000000100000000)
  region size 1024K, 1 young (1024K), 1 survivors (1024K)
 Metaspace       used 55956K, committed 56704K, reserved 1114112K
  class space    used 6569K, committed 6912K, reserved 1048576K
}
Event: 7.306 GC heap before
{Heap before GC invocations=18 (full 0):
 garbage-first heap   total 75776K, used 65905K [0x0000000084c00000, 0x0000000100000000)
  region size 1024K, 25 young (25600K), 1 survivors (1024K)
 Metaspace       used 61042K, committed 61760K, reserved 1114112K
  class space    used 7275K, committed 7616K, reserved 1048576K
}

